
Showing logs for build [32mcb-kubecd-bdd-ghfjxy-1568904290-rm2cp-1[0m stage [32mrun-make[0m and container [32mstep-credential-initializer-jjmmg[0m
{"level":"warn","ts":1568905227.4774148,"logger":"fallback-logger","caller":"logging/config.go:69","msg":"Fetch GitHub commit ID from kodata failed: \"ref: refs/heads/master\" is not a valid GitHub commit ID"}
{"level":"info","ts":1568905227.4782345,"logger":"fallback-logger","caller":"creds-init/main.go:40","msg":"Credentials initialized."}

Showing logs for build [32mcb-kubecd-bdd-ghfjxy-1568904290-rm2cp-1[0m stage [32mrun-make[0m and container [32mstep-working-dir-initializer-cqkcs[0m
{"level":"warn","ts":1568905228.5831428,"logger":"fallback-logger","caller":"logging/config.go:69","msg":"Fetch GitHub commit ID from kodata failed: open /var/run/ko/HEAD: no such file or directory"}
{"level":"info","ts":1568905228.5969472,"logger":"fallback-logger","caller":"bash/main.go:65","msg":"Successfully executed command \"mkdir -p /workspace/source\""}

Showing logs for build [32mcb-kubecd-bdd-ghfjxy-1568904290-rm2cp-1[0m stage [32mrun-make[0m and container [32mstep-place-tools[0m

Showing logs for build [32mcb-kubecd-bdd-ghfjxy-1568904290-rm2cp-1[0m stage [32mrun-make[0m and container [32mstep-git-source-cb-kubecd-bdd-ghfjxy-1568904290-xdjcz[0m
{"level":"warn","ts":1568905235.7966008,"logger":"fallback-logger","caller":"logging/config.go:69","msg":"Fetch GitHub commit ID from kodata failed: \"ref: refs/heads/master\" is not a valid GitHub commit ID"}
{"level":"info","ts":1568905236.9077625,"logger":"fallback-logger","caller":"git/git.go:102","msg":"Successfully cloned https://github.com/cb-kubecd/bdd-ghf**y-1568904290.git @ c53f512b38d7aa328bd8c2426a322a04aa2d33b6 in path /workspace/source"}

Showing logs for build [32mcb-kubecd-bdd-ghfjxy-1568904290-rm2cp-1[0m stage [32mrun-make[0m and container [32mstep-git-merge[0m
Using SHAs from PULL_REFS=master:9114bc6a92bf7a6610c1bd47e6f3740154a4242c,1:c53f512b38d7aa328bd8c2426a322a04aa2d33b6
DEBUG: ran git fetch --unshallow origin c53f512b38d7aa328bd8c2426a322a04aa2d33b6: 9114bc6a92bf7a6610c1bd47e6f3740154a4242c: in 
DEBUG: ran git checkout master in 
DEBUG: ran git reset --hard 9114bc6a92bf7a6610c1bd47e6f3740154a4242c in 
DEBUG: ran clean --force -d . in 
DEBUG: ran git merge c53f512b38d7aa328bd8c2426a322a04aa2d33b6 in 
Merged SHA c53f512b38d7aa328bd8c2426a322a04aa2d33b6 with commit message 'My first PR commit' into base branch master

Showing logs for build [32mcb-kubecd-bdd-ghfjxy-1568904290-rm2cp-1[0m stage [32mrun-make[0m and container [32mstep-build-make-linux[0m
CGO_ENABLED=0 GOOS=linux GOARCH=amd64 GO15VENDOREXPERIMENT=1 go build -ldflags '' -o bin/bdd-ghf**y-1568904290 main.go

Showing logs for build [32mcb-kubecd-bdd-ghfjxy-1568904290-rm2cp-1[0m stage [32mrun-make[0m and container [32mstep-source-mkdir-cb-kubecd-bdd-ghfjxy-1568904290-6ng8f[0m
{"level":"warn","ts":1568905250.0937872,"logger":"fallback-logger","caller":"logging/config.go:69","msg":"Fetch GitHub commit ID from kodata failed: open /var/run/ko/HEAD: no such file or directory"}
{"level":"info","ts":1568905250.1197584,"logger":"fallback-logger","caller":"bash/main.go:65","msg":"Successfully executed command \"mkdir -p /pvc/run-make/workspace\""}

Showing logs for build [32mcb-kubecd-bdd-ghfjxy-1568904290-rm2cp-1[0m stage [32mrun-make[0m and container [32mstep-source-copy-cb-kubecd-bdd-ghfjxy-1568904290-j5nrm[0m
{"level":"warn","ts":1568905250.5484135,"logger":"fallback-logger","caller":"logging/config.go:69","msg":"Fetch GitHub commit ID from kodata failed: open /var/run/ko/HEAD: no such file or directory"}
{"level":"info","ts":1568905250.5760052,"logger":"fallback-logger","caller":"bash/main.go:65","msg":"Successfully executed command \"cp -r /workspace/source/. /pvc/run-make/workspace\""}

Showing logs for build [32mcb-kubecd-bdd-ghfjxy-1568904290-rm2cp-1[0m stage [32meverything-else[0m and container [32mstep-credential-initializer-z55wx[0m
{"level":"warn","ts":1568905280.4000313,"logger":"fallback-logger","caller":"logging/config.go:69","msg":"Fetch GitHub commit ID from kodata failed: \"ref: refs/heads/master\" is not a valid GitHub commit ID"}
{"level":"info","ts":1568905280.400586,"logger":"fallback-logger","caller":"creds-init/main.go:40","msg":"Credentials initialized."}

Showing logs for build [32mcb-kubecd-bdd-ghfjxy-1568904290-rm2cp-1[0m stage [32meverything-else[0m and container [32mstep-working-dir-initializer-jh5w9[0m
{"level":"warn","ts":1568905281.1690826,"logger":"fallback-logger","caller":"logging/config.go:69","msg":"Fetch GitHub commit ID from kodata failed: open /var/run/ko/HEAD: no such file or directory"}
{"level":"info","ts":1568905281.1708765,"logger":"fallback-logger","caller":"bash/main.go:65","msg":"Successfully executed command \"mkdir -p /workspace/source /workspace/source/charts/preview\""}

Showing logs for build [32mcb-kubecd-bdd-ghfjxy-1568904290-rm2cp-1[0m stage [32meverything-else[0m and container [32mstep-place-tools[0m

Showing logs for build [32mcb-kubecd-bdd-ghfjxy-1568904290-rm2cp-1[0m stage [32meverything-else[0m and container [32mstep-create-dir-workspace-fmf68[0m
{"level":"warn","ts":1568905287.4285138,"logger":"fallback-logger","caller":"logging/config.go:69","msg":"Fetch GitHub commit ID from kodata failed: open /var/run/ko/HEAD: no such file or directory"}
{"level":"info","ts":1568905287.4362593,"logger":"fallback-logger","caller":"bash/main.go:65","msg":"Successfully executed command \"mkdir -p /workspace/source\""}

Showing logs for build [32mcb-kubecd-bdd-ghfjxy-1568904290-rm2cp-1[0m stage [32meverything-else[0m and container [32mstep-source-copy-workspace-n6nxc[0m
{"level":"warn","ts":1568905287.9812663,"logger":"fallback-logger","caller":"logging/config.go:69","msg":"Fetch GitHub commit ID from kodata failed: open /var/run/ko/HEAD: no such file or directory"}
{"level":"info","ts":1568905288.5695531,"logger":"fallback-logger","caller":"bash/main.go:65","msg":"Successfully executed command \"cp -r /pvc/run-make/workspace/. /workspace/source\""}

Showing logs for build [32mcb-kubecd-bdd-ghfjxy-1568904290-rm2cp-1[0m stage [32meverything-else[0m and container [32mstep-build-container-build[0m
[36mINFO[0m[0000] No base image, nothing to extract            
[36mINFO[0m[0000] cmd: EXPOSE                                  
[36mINFO[0m[0000] Adding exposed port: 8080/tcp                
[36mINFO[0m[0000] Using files from context: [/workspace/source/bin] 
[36mINFO[0m[0000] Skipping unpacking as no commands require it. 
[36mINFO[0m[0000] Taking snapshot of full filesystem...        
[36mINFO[0m[0001] EXPOSE 8080                                  
[36mINFO[0m[0001] cmd: EXPOSE                                  
[36mINFO[0m[0001] Adding exposed port: 8080/tcp                
[36mINFO[0m[0001] No files changed in this command, skipping snapshotting. 
[36mINFO[0m[0001] ENTRYPOINT ["/bdd-ghf**y-1568904290"]        
[36mINFO[0m[0001] No files changed in this command, skipping snapshotting. 
[36mINFO[0m[0001] Using files from context: [/workspace/source/bin] 
[36mINFO[0m[0001] COPY ./bin/ /                                
[36mINFO[0m[0001] Taking snapshot of files...                  
2019/09/19 15:01:36 pushed blob: sha256:86b6794c0707eb722d5377e61888426259c51ad136e04d0d108b254e013c4a32
2019/09/19 15:01:36 pushed blob: sha256:26fcd35fc17a938bad07c95e40ec9459de9e1844147bb4f3f88540d5d3795b56
2019/09/19 15:01:38 gcr.io/jenkins-x-bdd3/bdd-ghf**y-1568904290:0.0.0-SNAPSHOT-PR-1-1: digest: sha256:b9b492dfa4b39fc0718bd897646faab7d9d3278d511aa0ab9335e79cb5910a97 size: 428

Showing logs for build [32mcb-kubecd-bdd-ghfjxy-1568904290-rm2cp-1[0m stage [32meverything-else[0m and container [32mstep-postbuild-post-build[0m
no CVE provider running in the current ** namespace so skip adding image to be analysed

Showing logs for build [32mcb-kubecd-bdd-ghfjxy-1568904290-rm2cp-1[0m stage [32meverything-else[0m and container [32mstep-promote-make-preview[0m
sed -i -e "s/version:.*/version: 0.0.0-SNAPSHOT-PR-1-1/" Chart.yaml
sed -i -e "s/version:.*/version: 0.0.0-SNAPSHOT-PR-1-1/" ../*/Chart.yaml
sed -i -e "s|repository:.*|repository: gcr.io\/jenkins-x-bdd3\/bdd-ghf**y-1568904290|" values.yaml
sed -i -e "s/tag:.*/tag: 0.0.0-SNAPSHOT-PR-1-1/" values.yaml
echo "  version: 0.0.0-SNAPSHOT-PR-1-1" >> requirements.yaml
** step helm build
WARNING: No $CHART_REPOSITORY defined so using the default value of: http://jenkins-x-chartmuseum:8080
Adding missing Helm repo: storage.googleapis.com https://storage.googleapis.com/chartmuseum.jenkins-x.io
Read credentials for https://storage.googleapis.com/chartmuseum.jenkins-x.io from vault helm/repos
Successfully added Helm repository storage.googleapis.com.
Adding missing Helm repo: jenkins-x-chartmuseum http://jenkins-x-chartmuseum:8080
Read credentials for http://jenkins-x-chartmuseum:8080 from vault helm/repos
Successfully added Helm repository jenkins-x-chartmuseum.
WARNING: No $CHART_REPOSITORY defined so using the default value of: http://jenkins-x-chartmuseum:8080
Adding missing Helm repo: chartmuseum.jenkins-x.io http://chartmuseum.jenkins-x.io
Read credentials for http://chartmuseum.jenkins-x.io from vault helm/repos
Successfully added Helm repository chartmuseum.jenkins-x.io.

Showing logs for build [32mcb-kubecd-bdd-ghfjxy-1568904290-rm2cp-1[0m stage [32meverything-else[0m and container [32mstep-promote-jx-preview[0m
Creating a preview
WARNING: No author for commit: c53f512b38d7aa328bd8c2426a322a04aa2d33b6
Created environment cb-kubecd-bdd-ghf**y-1568904290-pr-1
Namespace **-cb-kubecd-bdd-ghf**y-1568904290-pr-1 created 
expose:
  Annotations:
    helm.sh/hook: post-install,post-upgrade
    helm.sh/hook-delete-policy: hook-succeeded
  config:
    domain: 34.77.237.71.nip.io
    exposer: Ingress
    http: "true"
preview:
  image:
    repository: gcr.io/jenkins-x-bdd3/bdd-ghf**y-1568904290
    tag: 0.0.0-SNAPSHOT-PR-1-1
Deleting and cloning the Jenkins X versions repo
Cloning the Jenkins X versions repo https://github.com/cloudbees/cloudbees-jenkins-x-versions.git with revision c79864cef15f9e61fc9d374257d0b8803228958c to /builder/home/.**/jenkins-x-versions
From https://github.com/cloudbees/cloudbees-jenkins-x-versions
 * branch            c79864cef15f9e61fc9d374257d0b8803228958c -> FETCH_HEAD


Updating PipelineActivities cb-kubecd-bdd-ghf**y-1568904290-pr-1-1 which has status Running
WARNING: preview application http://bdd-ghf**y-1568904290.**-cb-kubecd-bdd-ghf**y-1568904290-pr-1.34.77.237.71.nip.io not available, error was 503 503 Service Temporarily Unavailable, delaying for: 1.426986804s
WARNING: preview application http://bdd-ghf**y-1568904290.**-cb-kubecd-bdd-ghf**y-1568904290-pr-1.34.77.237.71.nip.io not available, error was 503 503 Service Temporarily Unavailable, delaying for: 1.786258247s
Preview application is now available at: http://bdd-ghf**y-1568904290.**-cb-kubecd-bdd-ghf**y-1568904290-pr-1.34.77.237.71.nip.io
